This is pdfTeX, Version 3.1415926-2.4-1.40.13 (TeX Live 2012/Debian) (format=pdflatex 2013.11.25)  12 MAR 2014 16:43
entering extended mode
 restricted \write18 enabled.
 %&-line parsing enabled.
**uictman.tex
(./uictman.tex
LaTeX2e <2011/06/27>
Babel <v3.8m> and hyphenation patterns for english, dumylang, nohyphenation, et
hiopic, farsi, arabic, pinyin, croatian, bulgarian, ukrainian, russian, slovak,
 czech, danish, dutch, usenglishmax, ukenglish, finnish, french, basque, ngerma
n, german, swissgerman, ngerman-x-2012-05-30, german-x-2012-05-30, monogreek, g
reek, ibycus, ancientgreek, hungarian, bengali, tamil, hindi, telugu, gujarati,
 sanskrit, malayalam, kannada, assamese, marathi, oriya, panjabi, italian, lati
n, latvian, lithuanian, mongolian, mongolianlmc, nynorsk, bokmal, indonesian, e
speranto, coptic, welsh, irish, interlingua, serbian, serbianc, slovenian, friu
lan, romansh, estonian, romanian, armenian, uppersorbian, turkish, afrikaans, i
celandic, kurmanji, polish, portuguese, galician, catalan, spanish, swedish, th
ai, loaded.
(./uicthesi.cls
Document Class: uicthesi 1996/01/31 v1.2 University of Illinois at Chicago Thes
is Class
(./uicth11.clo
Loading uicth11.clo...
\ustrutbox=\box26
\c@fnref=\count79
\out@fnpage@count=\count80
)
\c@figure=\count81
\c@table=\count82
\descriptionmargin=\dimen102
\c@chapter=\count83
\c@section=\count84
\c@subsection=\count85
\c@subsubsection=\count86
\c@paragraph=\count87
\c@subparagraph=\count88
) (/usr/share/texlive/texmf-dist/tex/latex/base/newlfont.sty
Package: newlfont 1998/08/17 v2.2m Standard LaTeX package
LaTeX Info: Redefining \em on input line 67.

(/usr/share/texlive/texmf-dist/tex/latex/base/latexsym.sty
Package: latexsym 1998/08/17 v2.2e Standard LaTeX package (lasy symbols)
\symlasy=\mathgroup4
LaTeX Font Info:    Overwriting symbol font `lasy' in version `bold'
(Font)                  U/lasy/m/n --> U/lasy/b/n on input line 47.
))
(/usr/share/texlive/texmf-dist/tex/latex/amsfonts/amsfonts.sty
Package: amsfonts 2009/06/22 v3.00 Basic AMSFonts support
\@emptytoks=\toks14
\symAMSa=\mathgroup5
\symAMSb=\mathgroup6
LaTeX Font Info:    Overwriting math alphabet `\mathfrak' in version `bold'
(Font)                  U/euf/m/n --> U/euf/b/n on input line 96.
)
(/usr/share/texlive/texmf-dist/tex/latex/amsfonts/amssymb.sty
Package: amssymb 2009/06/22 v3.00
)
(/usr/share/texlive/texmf-dist/tex/latex/euler/euler.sty
Package: euler 1995/03/05 v2.5

Package: `euler' v2.5 <1995/03/05> (FJ and FMi)
LaTeX Font Info:    Redeclaring symbol font `letters' on input line 35.
LaTeX Font Info:    Encoding `OML' has changed to `U' for symbol font
(Font)              `letters' in the math version `normal' on input line 35.
LaTeX Font Info:    Overwriting symbol font `letters' in version `normal'
(Font)                  OML/cmm/m/it --> U/eur/m/n on input line 35.
LaTeX Font Info:    Encoding `OML' has changed to `U' for symbol font
(Font)              `letters' in the math version `bold' on input line 35.
LaTeX Font Info:    Overwriting symbol font `letters' in version `bold'
(Font)                  OML/cmm/b/it --> U/eur/m/n on input line 35.
LaTeX Font Info:    Overwriting symbol font `letters' in version `bold'
(Font)                  U/eur/m/n --> U/eur/b/n on input line 36.
LaTeX Font Info:    Redeclaring math symbol \Gamma on input line 47.
LaTeX Font Info:    Redeclaring math symbol \Delta on input line 48.
LaTeX Font Info:    Redeclaring math symbol \Theta on input line 49.
LaTeX Font Info:    Redeclaring math symbol \Lambda on input line 50.
LaTeX Font Info:    Redeclaring math symbol \Xi on input line 51.
LaTeX Font Info:    Redeclaring math symbol \Pi on input line 52.
LaTeX Font Info:    Redeclaring math symbol \Sigma on input line 53.
LaTeX Font Info:    Redeclaring math symbol \Upsilon on input line 54.
LaTeX Font Info:    Redeclaring math symbol \Phi on input line 55.
LaTeX Font Info:    Redeclaring math symbol \Psi on input line 56.
LaTeX Font Info:    Redeclaring math symbol \Omega on input line 57.
\symEulerFraktur=\mathgroup7
LaTeX Font Info:    Overwriting symbol font `EulerFraktur' in version `bold'
(Font)                  U/euf/m/n --> U/euf/b/n on input line 63.
LaTeX Font Info:    Redeclaring math alphabet \mathfrak on input line 64.
LaTeX Info: Redefining \oldstylenums on input line 85.
\symEulerScript=\mathgroup8
LaTeX Font Info:    Overwriting symbol font `EulerScript' in version `bold'
(Font)                  U/eus/m/n --> U/eus/b/n on input line 93.
LaTeX Font Info:    Redeclaring math symbol \aleph on input line 97.
LaTeX Font Info:    Redeclaring math symbol \Re on input line 98.
LaTeX Font Info:    Redeclaring math symbol \Im on input line 99.
LaTeX Font Info:    Redeclaring math delimiter \vert on input line 101.
LaTeX Font Info:    Redeclaring math delimiter \backslash on input line 103.
LaTeX Font Info:    Redeclaring math symbol \neg on input line 106.
LaTeX Font Info:    Redeclaring math symbol \wedge on input line 108.
LaTeX Font Info:    Redeclaring math symbol \vee on input line 110.
LaTeX Font Info:    Redeclaring math symbol \setminus on input line 112.
LaTeX Font Info:    Redeclaring math symbol \sim on input line 113.
LaTeX Font Info:    Redeclaring math symbol \mid on input line 114.
LaTeX Font Info:    Redeclaring math delimiter \arrowvert on input line 116.
LaTeX Font Info:    Redeclaring math symbol \mathsection on input line 117.
\symEulerExtension=\mathgroup9
LaTeX Font Info:    Redeclaring math symbol \coprod on input line 125.
LaTeX Font Info:    Redeclaring math symbol \prod on input line 125.
LaTeX Font Info:    Redeclaring math symbol \sum on input line 125.
LaTeX Font Info:    Redeclaring math symbol \intop on input line 130.
LaTeX Font Info:    Redeclaring math symbol \ointop on input line 131.
LaTeX Font Info:    Redeclaring math symbol \braceld on input line 132.
LaTeX Font Info:    Redeclaring math symbol \bracerd on input line 133.
LaTeX Font Info:    Redeclaring math symbol \bracelu on input line 134.
LaTeX Font Info:    Redeclaring math symbol \braceru on input line 135.
LaTeX Font Info:    Redeclaring math symbol \infty on input line 136.
LaTeX Font Info:    Redeclaring math symbol \nearrow on input line 153.
LaTeX Font Info:    Redeclaring math symbol \searrow on input line 154.
LaTeX Font Info:    Redeclaring math symbol \nwarrow on input line 155.
LaTeX Font Info:    Redeclaring math symbol \swarrow on input line 156.
LaTeX Font Info:    Redeclaring math symbol \Leftrightarrow on input line 157.
LaTeX Font Info:    Redeclaring math symbol \Leftarrow on input line 158.
LaTeX Font Info:    Redeclaring math symbol \Rightarrow on input line 159.
LaTeX Font Info:    Redeclaring math symbol \leftrightarrow on input line 160.
LaTeX Font Info:    Redeclaring math symbol \leftarrow on input line 161.
LaTeX Font Info:    Redeclaring math symbol \rightarrow on input line 163.
LaTeX Font Info:    Redeclaring math delimiter \uparrow on input line 166.
LaTeX Font Info:    Redeclaring math delimiter \downarrow on input line 168.
LaTeX Font Info:    Redeclaring math delimiter \updownarrow on input line 170.
LaTeX Font Info:    Redeclaring math delimiter \Uparrow on input line 172.
LaTeX Font Info:    Redeclaring math delimiter \Downarrow on input line 174.
LaTeX Font Info:    Redeclaring math delimiter \Updownarrow on input line 176.
LaTeX Font Info:    Redeclaring math symbol \leftharpoonup on input line 177.
LaTeX Font Info:    Redeclaring math symbol \leftharpoondown on input line 178.

LaTeX Font Info:    Redeclaring math symbol \rightharpoonup on input line 179.
LaTeX Font Info:    Redeclaring math symbol \rightharpoondown on input line 180
.
LaTeX Font Info:    Redeclaring math delimiter \lbrace on input line 182.
LaTeX Font Info:    Redeclaring math delimiter \rbrace on input line 184.
\symcmmigroup=\mathgroup10
LaTeX Font Info:    Overwriting symbol font `cmmigroup' in version `bold'
(Font)                  OML/cmm/m/it --> OML/cmm/b/it on input line 200.
LaTeX Font Info:    Redeclaring math accent \vec on input line 201.
LaTeX Font Info:    Redeclaring math symbol \triangleleft on input line 202.
LaTeX Font Info:    Redeclaring math symbol \triangleright on input line 203.
LaTeX Font Info:    Redeclaring math symbol \star on input line 204.
LaTeX Font Info:    Redeclaring math symbol \lhook on input line 205.
LaTeX Font Info:    Redeclaring math symbol \rhook on input line 206.
LaTeX Font Info:    Redeclaring math symbol \flat on input line 207.
LaTeX Font Info:    Redeclaring math symbol \natural on input line 208.
LaTeX Font Info:    Redeclaring math symbol \sharp on input line 209.
LaTeX Font Info:    Redeclaring math symbol \smile on input line 210.
LaTeX Font Info:    Redeclaring math symbol \frown on input line 211.
LaTeX Font Info:    Redeclaring math accent \hat on input line 254.
)
No file uictman.aux.
\openout1 = `uictman.aux'.

LaTeX Font Info:    Checking defaults for OML/cmm/m/it on input line 59.
LaTeX Font Info:    ... okay on input line 59.
LaTeX Font Info:    Checking defaults for T1/cmr/m/n on input line 59.
LaTeX Font Info:    ... okay on input line 59.
LaTeX Font Info:    Checking defaults for OT1/cmr/m/n on input line 59.
LaTeX Font Info:    ... okay on input line 59.
LaTeX Font Info:    Checking defaults for OMS/cmsy/m/n on input line 59.
LaTeX Font Info:    ... okay on input line 59.
LaTeX Font Info:    Checking defaults for OMX/cmex/m/n on input line 59.
LaTeX Font Info:    ... okay on input line 59.
LaTeX Font Info:    Checking defaults for U/cmr/m/n on input line 59.
LaTeX Font Info:    ... okay on input line 59.
LaTeX Font Info:    Redeclaring symbol font `operators' on input line 59.
LaTeX Font Info:    Overwriting symbol font `operators' in version `normal'
(Font)                  OT1/cmr/m/n --> OT1/cmr/m/n on input line 59.
LaTeX Font Info:    Overwriting symbol font `operators' in version `bold'
(Font)                  OT1/cmr/bx/n --> OT1/cmr/m/n on input line 59.
LaTeX Font Info:    Overwriting symbol font `operators' in version `bold'
(Font)                  OT1/cmr/m/n --> OT1/cmr/bx/n on input line 59.
LaTeX Font Info:    Redeclaring math alphabet \mathbf on input line 59.
LaTeX Font Info:    Overwriting math alphabet `\mathbf' in version `normal'
(Font)                  OT1/cmr/bx/n --> OT1/cmr/bx/n on input line 59.
LaTeX Font Info:    Overwriting math alphabet `\mathbf' in version `bold'
(Font)                  OT1/cmr/bx/n --> OT1/cmr/bx/n on input line 59.
LaTeX Font Info:    Redeclaring math alphabet \mathsf on input line 59.
LaTeX Font Info:    Overwriting math alphabet `\mathsf' in version `normal'
(Font)                  OT1/cmss/m/n --> OT1/cmss/m/n on input line 59.
LaTeX Font Info:    Overwriting math alphabet `\mathsf' in version `bold'
(Font)                  OT1/cmss/bx/n --> OT1/cmss/m/n on input line 59.
LaTeX Font Info:    Redeclaring math alphabet \mathit on input line 59.
LaTeX Font Info:    Overwriting math alphabet `\mathit' in version `normal'
(Font)                  OT1/cmr/m/it --> OT1/cmr/m/it on input line 59.
LaTeX Font Info:    Overwriting math alphabet `\mathit' in version `bold'
(Font)                  OT1/cmr/bx/it --> OT1/cmr/m/it on input line 59.
LaTeX Font Info:    Redeclaring math alphabet \mathtt on input line 59.
LaTeX Font Info:    Overwriting math alphabet `\mathtt' in version `normal'
(Font)                  OT1/cmtt/m/n --> OT1/cmtt/m/n on input line 59.
LaTeX Font Info:    Overwriting math alphabet `\mathtt' in version `bold'
(Font)                  OT1/cmtt/m/n --> OT1/cmtt/m/n on input line 59.
LaTeX Font Info:    Overwriting math alphabet `\mathsf' in version `bold'
(Font)                  OT1/cmss/m/n --> OT1/cmss/bx/n on input line 59.
LaTeX Font Info:    Overwriting math alphabet `\mathit' in version `bold'
(Font)                  OT1/cmr/m/it --> OT1/cmr/bx/it on input line 59.
LaTeX Font Info:    Try loading font information for U+eur on input line 60.
(/usr/share/texlive/texmf-dist/tex/latex/amsfonts/ueur.fd
File: ueur.fd 2009/06/22 v3.00 Euler Roman
)
LaTeX Font Info:    Try loading font information for U+lasy on input line 60.

(/usr/share/texlive/texmf-dist/tex/latex/base/ulasy.fd
File: ulasy.fd 1998/08/17 v2.2e LaTeX symbol font definitions
)
LaTeX Font Info:    Try loading font information for U+msa on input line 60.

(/usr/share/texlive/texmf-dist/tex/latex/amsfonts/umsa.fd
File: umsa.fd 2009/06/22 v3.00 AMS symbols A
)
LaTeX Font Info:    Try loading font information for U+msb on input line 60.

(/usr/share/texlive/texmf-dist/tex/latex/amsfonts/umsb.fd
File: umsb.fd 2009/06/22 v3.00 AMS symbols B
)
LaTeX Font Info:    Try loading font information for U+euf on input line 60.

(/usr/share/texlive/texmf-dist/tex/latex/amsfonts/ueuf.fd
File: ueuf.fd 2009/06/22 v3.00 Euler Fraktur
)
LaTeX Font Info:    Try loading font information for U+eus on input line 60.

(/usr/share/texlive/texmf-dist/tex/latex/amsfonts/ueus.fd
File: ueus.fd 2009/06/22 v3.00 Euler Script
)
LaTeX Font Info:    Try loading font information for U+euex on input line 60.

(/usr/share/texlive/texmf-dist/tex/latex/amsfonts/ueuex.fd
File: ueuex.fd 2009/06/22 v3.00 Euler extra symbols
) [2{/var/lib/texmf/fonts/map/pdftex/updmap/pdftex.map}] [2]
DEDICATION
Unnumbered Chapter.
[3


]
ACKNOWLEDGMENT.
[4

]
PREFACE.
[5

] [6]

LaTeX Warning: Citation `latex_guide' on page vii undefined on input line 155.


LaTeX Warning: Citation `latex_engineers' on page vii undefined on input line 1
60.


LaTeX Warning: Citation `use_tex' on page vii undefined on input line 169.


LaTeX Warning: Citation `use_latex' on page vii undefined on input line 170.


LaTeX Warning: Citation `tex31' on page vii undefined on input line 172.


LaTeX Warning: Citation `texrox' on page vii undefined on input line 174.


Overfull \hbox (2.70567pt too wide) in paragraph at lines 167--177
[][][][][][][][][][][][][]\OT1/cmr/m/n/10.95 (\OT1/cmr/bx/n/10.95 ?\OT1/cmr/m/n
/10.95 ), and [][][][][][][][][]
 []


LaTeX Warning: Citation `thesis_dir' on page vii undefined on input line 179.


LaTeX Warning: Citation `warbrick' on page vii undefined on input line 187.

[7]
TABLE OF CONTENTS.
No file uictman.toc.
\tf@toc=\write3
\openout3 = `uictman.toc'.

[8

]
LIST OF TABLES.
No file uictman.lot.
\tf@lot=\write4
\openout4 = `uictman.lot'.

[9

]
LIST OF FIGURES.
No file uictman.lof.
\tf@lof=\write5
\openout5 = `uictman.lof'.

[10

]
LIST OF ABBREVIATIONS.
[11

]
SUMMARY.
[12

]
CHAPTER 1.
[1

]

LaTeX Warning: Reference `sec:title' on page 2 undefined on input line 286.

[2] [3]

LaTeX Warning: Citation `amsltx' on page 4 undefined on input line 338.

[4]
CHAPTER 2.
[5

] [6] [7]
LaTeX Font Info:    Try loading font information for OMS+cmr on input line 477.

 (/usr/share/texlive/texmf-dist/tex/latex/base/omscmr.fd
File: omscmr.fd 1999/05/25 v2.5h Standard LaTeX font definitions
)
LaTeX Font Info:    Font shape `OMS/cmr/m/n' in size <10.95> not available
(Font)              Font shape `OMS/cmsy/m/n' tried instead on input line 477.
 [8]
[9]

LaTeX Warning: Reference `fig:titlepage' on page 10 undefined on input line 519
.


Overfull \hbox (1.54056pt too wide) in paragraph at lines 514--553
\OT1/cmr/m/n/10.95 the writer en-ters them in mixed up-per and lower case. Im-m
e-di-ately af-ter the []\OT1/cmtt/m/n/10.95 \begin{document}\OT1/cmr/m/n/10.95 
,
 []


LaTeX Warning: Reference `sec:styles' on page 10 undefined on input line 561.

[10] [11]

LaTeX Warning: Reference `sec:section' on page 12 undefined on input line 601.

[12]

LaTeX Warning: Reference `fig:sections' on page 13 undefined on input line 651.


[13]

LaTeX Font Warning: Font shape `OT1/cmr/bx/sc' undefined
(Font)              using `OT1/cmr/bx/n' instead on input line 700.

[14]

LaTeX Warning: Citation `thesis_dir' on page 15 undefined on input line 720.


LaTeX Warning: Citation `smpl_article' on page 15 undefined on input line 734.


LaTeX Warning: Citation `smpl_book' on page 15 undefined on input line 735.


LaTeX Warning: Citation `smpl_incollection' on page 15 undefined on input line 
736.


LaTeX Warning: Citation `smpl_masterthesis' on page 15 undefined on input line 
737.

[15] [16]
CHAPTER 3.

LaTeX Warning: Reference `fig:quote' on page 17 undefined on input line 761.


LaTeX Warning: Reference `fig:quotation' on page 17 undefined on input line 790
.

[17

]

LaTeX Warning: Reference `fig:center' on page 18 undefined on input line 830.


LaTeX Warning: Reference `fig:list' on page 18 undefined on input line 865.

[18]

LaTeX Warning: Reference `fig:description' on page 19 undefined on input line 8
99.


LaTeX Warning: Reference `fig:fig' on page 19 undefined on input line 934.

[19]

LaTeX Warning: Reference `fig:tab' on page 20 undefined on input line 983.

[20] [21]

LaTeX Warning: Reference `fig:badtab' on page 22 undefined on input line 1040.


LaTeX Warning: Reference `fig:tabbing' on page 22 undefined on input line 1072.



LaTeX Warning: Reference `fig:tabular' on page 22 undefined on input line 1107.


[22]

LaTeX Warning: Reference `fig:verbatim' on page 23 undefined on input line 1176
.

[23] [24] [25]
CHAPTER 4.

LaTeX Warning: Reference `fig:error' on page 26 undefined on input line 1268.

[26

] [27] [28] [29]
CHAPTER 5.
[30

] [31]
CHAPTER 6.

LaTeX Warning: Citation `latex_guide' on page 32 undefined on input line 1436.

[32

] [33

] (./fontsym.tex
Appendix A.

LaTeX Warning: Reference `tab:styles' on page 34 undefined on input line 26.


LaTeX Warning: Reference `tab:fonts' on page 34 undefined on input line 26.


LaTeX Warning: Reference `tab:styles' on page 34 undefined on input line 29.


LaTeX Warning: Reference `tab:fonts' on page 34 undefined on input line 32.

[34

] [35] [36]
Appendix B.

LaTeX Warning: Reference `fig:cmr' on page 37 undefined on input line 147.


LaTeX Warning: Reference `fig:cmm' on page 37 undefined on input line 147.


LaTeX Warning: Reference `fig:cmr' on page 37 undefined on input line 149.


LaTeX Warning: Reference `fig:cmrb' on page 37 undefined on input line 150.


LaTeX Warning: Reference `fig:cmss' on page 37 undefined on input line 151.


LaTeX Warning: Reference `fig:cmtt' on page 37 undefined on input line 153.


LaTeX Warning: Reference `fig:cmm' on page 37 undefined on input line 155.


LaTeX Font Warning: Font shape `OT1/cmr/m/u' undefined
(Font)              using `OT1/cmr/m/n' instead on input line 206.


Underfull \hbox (badness 10000) in paragraph at lines 316--317
\OT1/cmtt/m/n/10.95 abc def ghi jkl mno pqr stu vwx yz ABC DEF GHI JKL MNO PQR 
STU VWX YZ
 []


Underfull \hbox (badness 10000) in paragraph at lines 326--327
\OT1/cmtt/m/it/10.95 abc def ghi jkl mno pqr stu vwx yz ABC DEF GHI JKL MNO PQR
 STU VWX YZ
 []


Underfull \hbox (badness 10000) in paragraph at lines 336--337
\OT1/cmtt/m/sl/10.95 abc def ghi jkl mno pqr stu vwx yz ABC DEF GHI JKL MNO PQR
 STU VWX YZ
 []


Underfull \hbox (badness 10000) in paragraph at lines 346--347
\OT1/cmtt/m/sc/10.95 abc def ghi jkl mno pqr stu vwx yz ABC DEF GHI JKL MNO PQR
 STU VWX YZ
 []

LaTeX Font Info:    Try loading font information for OT1+cmm on input line 360.

LaTeX Font Info:    No file OT1cmm.fd. on input line 360.

LaTeX Font Warning: Font shape `OT1/cmm/m/it' undefined
(Font)              using `OT1/cmr/m/n' instead on input line 360.


LaTeX Font Warning: Font shape `OT1/cmm/b/it' undefined
(Font)              using `OT1/cmr/m/n' instead on input line 368.

[37

] [38] [39] [40] [41] [42]
Appendix C.

LaTeX Warning: Reference `fig:ccr' on page 43 undefined on input line 378.


LaTeX Warning: Reference `fig:euf' on page 43 undefined on input line 378.


LaTeX Warning: Reference `fig:ccr' on page 43 undefined on input line 382.


LaTeX Warning: Reference `fig:eur' on page 43 undefined on input line 383.


LaTeX Warning: Reference `fig:eus' on page 43 undefined on input line 384.


LaTeX Warning: Reference `fig:euf' on page 43 undefined on input line 385.

LaTeX Font Info:    Try loading font information for OT1+ccr on input line 393.

(/usr/share/texlive/texmf-dist/tex/latex/concmath/ot1ccr.fd
File: ot1ccr.fd 1999/03/10 v2.0b LaTeX font defs for Concrete math fonts
)
LaTeX Font Info:    Try loading font information for OT1+eur on input line 424.

LaTeX Font Info:    No file OT1eur.fd. on input line 424.


LaTeX Font Warning: Font shape `OT1/eur/m/n' undefined
(Font)              using `OT1/cmr/m/n' instead on input line 424.


LaTeX Font Warning: Font shape `OT1/eur/b/n' undefined
(Font)              using `OT1/eur/m/n' instead on input line 432.

LaTeX Font Info:    Try loading font information for OT1+eus on input line 447.

LaTeX Font Info:    No file OT1eus.fd. on input line 447.

LaTeX Font Warning: Font shape `OT1/eus/m/n' undefined
(Font)              using `OT1/cmr/m/n' instead on input line 447.


LaTeX Font Warning: Font shape `OT1/eus/b/n' undefined
(Font)              using `OT1/eus/m/n' instead on input line 454.

LaTeX Font Info:    Try loading font information for OT1+euf on input line 468.

LaTeX Font Info:    No file OT1euf.fd. on input line 468.

LaTeX Font Warning: Font shape `OT1/euf/m/n' undefined
(Font)              using `OT1/cmr/m/n' instead on input line 468.


LaTeX Font Warning: Font shape `OT1/euf/b/n' undefined
(Font)              using `OT1/euf/m/n' instead on input line 476.

[43

] [44] [45]
Appendix D.

LaTeX Warning: Reference `tab:accent' on page 46 undefined on input line 489.


LaTeX Warning: Reference `tab:symx' on page 46 undefined on input line 489.


LaTeX Warning: Reference `tab:accent' on page 46 undefined on input line 492.

LaTeX Font Info:    Try loading font information for OML+cmr on input line 505.

(/usr/share/texlive/texmf-dist/tex/latex/base/omlcmr.fd
File: omlcmr.fd 1999/05/25 v2.5h Standard LaTeX font definitions
)
LaTeX Font Info:    Font shape `OML/cmr/m/n' in size <10.95> not available
(Font)              Font shape `OML/cmm/m/it' tried instead on input line 505.


LaTeX Warning: Reference `tab:symi' on page 46 undefined on input line 513.


LaTeX Warning: Reference `tab:symx' on page 46 undefined on input line 513.


LaTeX Warning: Reference `tab:symii' on page 46 undefined on input line 514.


LaTeX Warning: Reference `tab:symx' on page 46 undefined on input line 516.

[46

] [47] [48] [49] [50] [51]
Appendix E.

LaTeX Warning: Reference `tab:lcg' on page 52 undefined on input line 870.


LaTeX Warning: Reference `tab:amsnegrel' on page 52 undefined on input line 870
.

) [52

] [53] [54] [55] [56] [57]
CITED LITERATURE.
No file uictman.bbl.
VITA.
[58

] (./uictman.aux

LaTeX Warning: Some of the footnotes might have moved. Rerun to fix the output 
on input line 15.

)

LaTeX Font Warning: Some font shapes were not available, defaults substituted.


LaTeX Warning: There were undefined references.


LaTeX Warning: Label(s) may have changed. Rerun to get cross-references right.

 ) 
Here is how much of TeX's memory you used:
 991 strings out of 493485
 12412 string characters out of 3143525
 85581 words of memory out of 3000000
 4258 multiletter control sequences out of 15000+200000
 29399 words of font info for 121 fonts, out of 3000000 for 9000
 957 hyphenation exceptions out of 8191
 23i,16n,22p,231b,297s stack positions out of 5000i,500n,10000p,200000b,50000s
 </home/solver/.texmf-var/fonts/pk/ljfour/public/concrete/cccsc10.657pk> </ho
me/solver/.texmf-var/fonts/pk/ljfour/public/concrete/ccti10.657pk> </home/solve
r/.texmf-var/fonts/pk/ljfour/public/concrete/ccr10.657pk></usr/share/texlive/te
xmf-dist/fonts/type1/public/amsfonts/cm/cmb10.pfb></usr/share/texlive/texmf-dis
t/fonts/type1/public/amsfonts/cm/cmbx10.pfb></usr/share/texlive/texmf-dist/font
s/type1/public/amsfonts/cm/cmbx12.pfb></usr/share/texlive/texmf-dist/fonts/type
1/public/amsfonts/cm/cmbx8.pfb></usr/share/texlive/texmf-dist/fonts/type1/publi
c/amsfonts/cm/cmbx9.pfb></usr/share/texlive/texmf-dist/fonts/type1/public/amsfo
nts/cm/cmbxsl10.pfb></usr/share/texlive/texmf-dist/fonts/type1/public/amsfonts/
cm/cmbxti10.pfb></usr/share/texlive/texmf-dist/fonts/type1/public/amsfonts/cm/c
mcsc10.pfb></usr/share/texlive/texmf-dist/fonts/type1/public/amsfonts/cm/cmex10
.pfb></usr/share/texlive/texmf-dist/fonts/type1/public/amsfonts/cm/cmitt10.pfb>
</usr/share/texlive/texmf-dist/fonts/type1/public/amsfonts/cm/cmmi10.pfb></usr/
share/texlive/texmf-dist/fonts/type1/public/amsfonts/cm/cmr10.pfb></usr/share/t
exlive/texmf-dist/fonts/type1/public/amsfonts/cm/cmr12.pfb></usr/share/texlive/
texmf-dist/fonts/type1/public/amsfonts/cm/cmr17.pfb></usr/share/texlive/texmf-d
ist/fonts/type1/public/amsfonts/cm/cmr6.pfb></usr/share/texlive/texmf-dist/font
s/type1/public/amsfonts/cm/cmr8.pfb></usr/share/texlive/texmf-dist/fonts/type1/
public/amsfonts/cm/cmr9.pfb></usr/share/texlive/texmf-dist/fonts/type1/public/a
msfonts/cm/cmsl10.pfb></usr/share/texlive/texmf-dist/fonts/type1/public/amsfont
s/cm/cmsltt10.pfb></usr/share/texlive/texmf-dist/fonts/type1/public/amsfonts/cm
/cmss10.pfb></usr/share/texlive/texmf-dist/fonts/type1/public/amsfonts/cm/cmssb
x10.pfb></usr/share/texlive/texmf-dist/fonts/type1/public/amsfonts/cm/cmssdc10.
pfb></usr/share/texlive/texmf-dist/fonts/type1/public/amsfonts/cm/cmssi10.pfb><
/usr/share/texlive/texmf-dist/fonts/type1/public/amsfonts/cm/cmsy10.pfb></usr/s
hare/texlive/texmf-dist/fonts/type1/public/amsfonts/cm/cmsy9.pfb></usr/share/te
xlive/texmf-dist/fonts/type1/public/amsfonts/cm/cmtcsc10.pfb></usr/share/texliv
e/texmf-dist/fonts/type1/public/amsfonts/cm/cmti10.pfb></usr/share/texlive/texm
f-dist/fonts/type1/public/amsfonts/cm/cmtt10.pfb></usr/share/texlive/texmf-dist
/fonts/type1/public/amsfonts/cm/cmtt9.pfb></usr/share/texlive/texmf-dist/fonts/
type1/public/amsfonts/cm/cmu10.pfb></usr/share/texlive/texmf-dist/fonts/type1/p
ublic/amsfonts/euler/euex10.pfb></usr/share/texlive/texmf-dist/fonts/type1/publ
ic/amsfonts/euler/eufm10.pfb></usr/share/texlive/texmf-dist/fonts/type1/public/
amsfonts/euler/eurm10.pfb></usr/share/texlive/texmf-dist/fonts/type1/public/ams
fonts/euler/eurm7.pfb></usr/share/texlive/texmf-dist/fonts/type1/public/amsfont
s/euler/eusm10.pfb></usr/share/texlive/texmf-dist/fonts/type1/public/amsfonts/l
atxfont/lasy10.pfb></usr/share/texlive/texmf-dist/fonts/type1/public/amsfonts/s
ymbols/msam10.pfb></usr/share/texlive/texmf-dist/fonts/type1/public/amsfonts/sy
mbols/msbm10.pfb>
Output written on uictman.pdf (70 pages, 716597 bytes).
PDF statistics:
 581 PDF objects out of 1000 (max. 8388607)
 282 compressed objects within 3 object streams
 0 named destinations out of 1000 (max. 500000)
 1 words of extra memory for PDF output out of 10000 (max. 10000000)

